#-----------------------------------------------------------
# Vivado v2019.1 (64-bit)
# SW Build 2552052 on Fri May 24 14:49:42 MDT 2019
# IP Build 2548770 on Fri May 24 18:01:18 MDT 2019
# Start of session at: Mon Oct  4 13:37:12 2021
# Process ID: 12852
# Current directory: C:/Users/deshr/OneDrive/Desktop/Mini Project Final/Final
# Command line: vivado.exe -gui_launcher_event rodinguilauncherevent15664 C:\Users\deshr\OneDrive\Desktop\Mini Project Final\Final\Final.xpr
# Log file: C:/Users/deshr/OneDrive/Desktop/Mini Project Final/Final/vivado.log
# Journal file: C:/Users/deshr/OneDrive/Desktop/Mini Project Final/Final\vivado.jou
#-----------------------------------------------------------
start_gui
open_project {C:/Users/deshr/OneDrive/Desktop/Mini Project Final/Final/Final.xpr}
INFO: [Project 1-313] Project file moved from 'C:/Users/deshr/OneDrive/Desktop/Mini Project 2/Final' since last save.
Scanning sources...
Finished scanning sources
INFO: [IP_Flow 19-234] Refreshing IP repositories
INFO: [IP_Flow 19-1704] No user IP repositories specified
INFO: [IP_Flow 19-2313] Loaded Vivado IP repository 'C:/Xilinx/Vivado/2019.1/data/ip'.
open_project: Time (s): cpu = 00:00:24 ; elapsed = 00:00:10 . Memory (MB): peak = 764.629 ; gain = 109.102
update_compile_order -fileset sources_1
reset_run blk_mem_gen_0_synth_1
reset_run synth_1
launch_runs impl_1 -jobs 4
INFO: [IP_Flow 19-1686] Generating 'Synthesis' target for IP 'blk_mem_gen_0'...
[Mon Oct  4 13:39:49 2021] Launched blk_mem_gen_0_synth_1, synth_1...
Run output will be captured here:
blk_mem_gen_0_synth_1: C:/Users/deshr/OneDrive/Desktop/Mini Project Final/Final/Final.runs/blk_mem_gen_0_synth_1/runme.log
synth_1: C:/Users/deshr/OneDrive/Desktop/Mini Project Final/Final/Final.runs/synth_1/runme.log
[Mon Oct  4 13:39:49 2021] Launched impl_1...
Run output will be captured here: C:/Users/deshr/OneDrive/Desktop/Mini Project Final/Final/Final.runs/impl_1/runme.log
open_hw
close_hw
launch_runs impl_1 -to_step write_bitstream -jobs 4
[Mon Oct  4 13:51:52 2021] Launched impl_1...
Run output will be captured here: C:/Users/deshr/OneDrive/Desktop/Mini Project Final/Final/Final.runs/impl_1/runme.log
open_hw
connect_hw_server
INFO: [Labtools 27-2285] Connecting to hw_server url TCP:localhost:3121
INFO: [Labtools 27-2222] Launching hw_server...
INFO: [Labtools 27-2221] Launch Output:

****** Xilinx hw_server v2019.1
  **** Build date : May 24 2019 at 15:13:31
    ** Copyright 1986-2019 Xilinx, Inc. All Rights Reserved.


open_hw_target
INFO: [Labtoolstcl 44-466] Opening hw_target localhost:3121/xilinx_tcf/Digilent/210183AA62F2A
open_hw_target: Time (s): cpu = 00:00:08 ; elapsed = 00:00:09 . Memory (MB): peak = 1953.375 ; gain = 1114.199
set_property PROGRAM.FILE {C:/Users/deshr/OneDrive/Desktop/Mini Project Final/Final/Final.runs/impl_1/Image_Processing_Final.bit} [get_hw_devices xc7a35t_0]
current_hw_device [get_hw_devices xc7a35t_0]
refresh_hw_device -update_hw_probes false [lindex [get_hw_devices xc7a35t_0] 0]
INFO: [Labtools 27-1435] Device xc7a35t (JTAG device index = 0) is not programmed (DONE status = 0).
set_property PROBES.FILE {} [get_hw_devices xc7a35t_0]
set_property FULL_PROBES.FILE {} [get_hw_devices xc7a35t_0]
set_property PROGRAM.FILE {C:/Users/deshr/OneDrive/Desktop/Mini Project Final/Final/Final.runs/impl_1/Image_Processing_Final.bit} [get_hw_devices xc7a35t_0]
program_hw_devices [get_hw_devices xc7a35t_0]
INFO: [Labtools 27-3164] End of startup status: HIGH
refresh_hw_device [lindex [get_hw_devices xc7a35t_0] 0]
INFO: [Labtools 27-1434] Device xc7a35t (JTAG device index = 0) is programmed with a design that has no supported debug core(s) in it.
close_hw
export_ip_user_files -of_objects  [get_files {{C:/Users/deshr/OneDrive/Desktop/Mini Project Final/Final/Final.srcs/sources_1/ip/blk_mem_gen_0_1/blk_mem_gen_0.xci}}] -no_script -reset -force -quiet
remove_files  -fileset blk_mem_gen_0 {{C:/Users/deshr/OneDrive/Desktop/Mini Project Final/Final/Final.srcs/sources_1/ip/blk_mem_gen_0_1/blk_mem_gen_0.xci}}
INFO: [Project 1-386] Moving file 'C:/Users/deshr/OneDrive/Desktop/Mini Project Final/Final/Final.srcs/sources_1/ip/blk_mem_gen_0_1/blk_mem_gen_0.xci' from fileset 'blk_mem_gen_0' to fileset 'sources_1'.
file delete -force {C:/Users/deshr/OneDrive/Desktop/Mini Project Final/Final/Final.srcs/sources_1/ip/blk_mem_gen_0_1}
export_ip_user_files -of_objects  [get_files {{C:/Users/deshr/OneDrive/Desktop/Mini Project Final/image.coe}}] -no_script -reset -force -quiet
remove_files  {{C:/Users/deshr/OneDrive/Desktop/Mini Project Final/image.coe}}
WARNING: [IP_Flow 19-4067] Ignoring invalid widget type specified checkbox.Providing a default widget
WARNING: [IP_Flow 19-4067] Ignoring invalid widget type specified checkbox.Providing a default widget
INFO: [IP_Flow 19-3484] Absolute path of file 'c:/Users/deshr/OneDrive/Desktop/Mini Project Final/image.coe' provided. It will be converted relative to IP Instance files '../../../../../image.coe'
create_ip -name blk_mem_gen -vendor xilinx.com -library ip -version 8.4 -module_name blk_mem_gen_0 -dir {c:/Users/deshr/OneDrive/Desktop/Mini Project Final/Final/Final.srcs/sources_1/ip}
set_property -dict [list CONFIG.Write_Width_A {96} CONFIG.Write_Depth_A {18400} CONFIG.Read_Width_A {96} CONFIG.Enable_A {Always_Enabled} CONFIG.Write_Width_B {96} CONFIG.Read_Width_B {96} CONFIG.Load_Init_File {true} CONFIG.Coe_File {C:/Users/deshr/OneDrive/Desktop/Mini Project Final/image.coe}] [get_ips blk_mem_gen_0]
INFO: [IP_Flow 19-3484] Absolute path of file 'c:/Users/deshr/OneDrive/Desktop/Mini Project Final/image.coe' provided. It will be converted relative to IP Instance files '../../../../../image.coe'
generate_target {instantiation_template} [get_files {{c:/Users/deshr/OneDrive/Desktop/Mini Project Final/Final/Final.srcs/sources_1/ip/blk_mem_gen_0_1/blk_mem_gen_0.xci}}]
INFO: [IP_Flow 19-1686] Generating 'Instantiation Template' target for IP 'blk_mem_gen_0'...
generate_target all [get_files  {{c:/Users/deshr/OneDrive/Desktop/Mini Project Final/Final/Final.srcs/sources_1/ip/blk_mem_gen_0_1/blk_mem_gen_0.xci}}]
INFO: [IP_Flow 19-1686] Generating 'Synthesis' target for IP 'blk_mem_gen_0'...
INFO: [IP_Flow 19-1686] Generating 'Simulation' target for IP 'blk_mem_gen_0'...
INFO: [IP_Flow 19-1686] Generating 'Miscellaneous' target for IP 'blk_mem_gen_0'...
INFO: [IP_Flow 19-1686] Generating 'Change Log' target for IP 'blk_mem_gen_0'...
generate_target: Time (s): cpu = 00:00:07 ; elapsed = 00:00:07 . Memory (MB): peak = 2075.484 ; gain = 0.000
catch { config_ip_cache -export [get_ips -all blk_mem_gen_0] }
export_ip_user_files -of_objects [get_files {{c:/Users/deshr/OneDrive/Desktop/Mini Project Final/Final/Final.srcs/sources_1/ip/blk_mem_gen_0_1/blk_mem_gen_0.xci}}] -no_script -sync -force -quiet
create_ip_run [get_files -of_objects [get_fileset sources_1] {{c:/Users/deshr/OneDrive/Desktop/Mini Project Final/Final/Final.srcs/sources_1/ip/blk_mem_gen_0_1/blk_mem_gen_0.xci}}]
launch_runs -jobs 4 blk_mem_gen_0_synth_1
[Mon Oct  4 14:01:30 2021] Launched blk_mem_gen_0_synth_1...
Run output will be captured here: C:/Users/deshr/OneDrive/Desktop/Mini Project Final/Final/Final.runs/blk_mem_gen_0_synth_1/runme.log
export_simulation -of_objects [get_files {{c:/Users/deshr/OneDrive/Desktop/Mini Project Final/Final/Final.srcs/sources_1/ip/blk_mem_gen_0_1/blk_mem_gen_0.xci}}] -directory {C:/Users/deshr/OneDrive/Desktop/Mini Project Final/Final/Final.ip_user_files/sim_scripts} -ip_user_files_dir {C:/Users/deshr/OneDrive/Desktop/Mini Project Final/Final/Final.ip_user_files} -ipstatic_source_dir {C:/Users/deshr/OneDrive/Desktop/Mini Project Final/Final/Final.ip_user_files/ipstatic} -lib_map_path [list {modelsim=C:/Users/deshr/OneDrive/Desktop/Mini Project Final/Final/Final.cache/compile_simlib/modelsim} {questa=C:/Users/deshr/OneDrive/Desktop/Mini Project Final/Final/Final.cache/compile_simlib/questa} {riviera=C:/Users/deshr/OneDrive/Desktop/Mini Project Final/Final/Final.cache/compile_simlib/riviera} {activehdl=C:/Users/deshr/OneDrive/Desktop/Mini Project Final/Final/Final.cache/compile_simlib/activehdl}] -use_ip_compiled_libs -force -quiet
reset_run synth_1
WARNING: [Vivado 12-1017] Problems encountered:
1. Failed to delete one or more files in run directory C:/Users/deshr/OneDrive/Desktop/Mini Project Final/Final/Final.runs/synth_1

launch_runs impl_1 -to_step write_bitstream -jobs 4
[Mon Oct  4 14:02:06 2021] Launched blk_mem_gen_0_synth_1, synth_1...
Run output will be captured here:
blk_mem_gen_0_synth_1: C:/Users/deshr/OneDrive/Desktop/Mini Project Final/Final/Final.runs/blk_mem_gen_0_synth_1/runme.log
synth_1: C:/Users/deshr/OneDrive/Desktop/Mini Project Final/Final/Final.runs/synth_1/runme.log
[Mon Oct  4 14:02:06 2021] Launched impl_1...
Run output will be captured here: C:/Users/deshr/OneDrive/Desktop/Mini Project Final/Final/Final.runs/impl_1/runme.log
open_hw
connect_hw_server
INFO: [Labtools 27-2285] Connecting to hw_server url TCP:localhost:3121
INFO: [Labtools 27-2222] Launching hw_server...
INFO: [Labtools 27-2221] Launch Output:

****** Xilinx hw_server v2019.1
  **** Build date : May 24 2019 at 15:13:31
    ** Copyright 1986-2019 Xilinx, Inc. All Rights Reserved.


open_hw_target
INFO: [Labtoolstcl 44-466] Opening hw_target localhost:3121/xilinx_tcf/Digilent/210183AA62F2A
set_property PROGRAM.FILE {C:/Users/deshr/OneDrive/Desktop/Mini Project Final/Final/Final.runs/impl_1/Image_Processing_Final.bit} [get_hw_devices xc7a35t_0]
current_hw_device [get_hw_devices xc7a35t_0]
refresh_hw_device -update_hw_probes false [lindex [get_hw_devices xc7a35t_0] 0]
INFO: [Labtools 27-1435] Device xc7a35t (JTAG device index = 0) is not programmed (DONE status = 0).
set_property PROBES.FILE {} [get_hw_devices xc7a35t_0]
set_property FULL_PROBES.FILE {} [get_hw_devices xc7a35t_0]
set_property PROGRAM.FILE {C:/Users/deshr/OneDrive/Desktop/Mini Project Final/Final/Final.runs/impl_1/Image_Processing_Final.bit} [get_hw_devices xc7a35t_0]
program_hw_devices [get_hw_devices xc7a35t_0]
INFO: [Labtools 27-3164] End of startup status: HIGH
refresh_hw_device [lindex [get_hw_devices xc7a35t_0] 0]
INFO: [Labtools 27-1434] Device xc7a35t (JTAG device index = 0) is programmed with a design that has no supported debug core(s) in it.
close_hw
open_hw
connect_hw_server
INFO: [Labtools 27-2285] Connecting to hw_server url TCP:localhost:3121
INFO: [Labtools 27-2222] Launching hw_server...
INFO: [Labtools 27-2221] Launch Output:

****** Xilinx hw_server v2019.1
  **** Build date : May 24 2019 at 15:13:31
    ** Copyright 1986-2019 Xilinx, Inc. All Rights Reserved.


open_hw_target
INFO: [Labtoolstcl 44-466] Opening hw_target localhost:3121/xilinx_tcf/Digilent/210183AA62F2A
set_property PROGRAM.FILE {C:/Users/deshr/OneDrive/Desktop/Mini Project Final/Final/Final.runs/impl_1/Image_Processing_Final.bit} [get_hw_devices xc7a35t_0]
current_hw_device [get_hw_devices xc7a35t_0]
refresh_hw_device -update_hw_probes false [lindex [get_hw_devices xc7a35t_0] 0]
INFO: [Labtools 27-1435] Device xc7a35t (JTAG device index = 0) is not programmed (DONE status = 0).
set_property PROBES.FILE {} [get_hw_devices xc7a35t_0]
set_property FULL_PROBES.FILE {} [get_hw_devices xc7a35t_0]
set_property PROGRAM.FILE {C:/Users/deshr/OneDrive/Desktop/Mini Project Final/Final/Final.runs/impl_1/Image_Processing_Final.bit} [get_hw_devices xc7a35t_0]
program_hw_devices [get_hw_devices xc7a35t_0]
INFO: [Labtools 27-3164] End of startup status: HIGH
refresh_hw_device [lindex [get_hw_devices xc7a35t_0] 0]
INFO: [Labtools 27-1434] Device xc7a35t (JTAG device index = 0) is programmed with a design that has no supported debug core(s) in it.
ERROR: [Labtoolstcl 44-513] HW Target shutdown. Closing target: localhost:3121/xilinx_tcf/Digilent/210183AA62F2A
disconnect_hw_server localhost:3121
connect_hw_server
INFO: [Labtools 27-2285] Connecting to hw_server url TCP:localhost:3121
ERROR: [Labtoolstcl 44-494] There is no active target available for server at localhost.
 Targets(s) ", jsn-Basys3-210183AA62F2A" may be locked by another hw_server.
disconnect_hw_server localhost:3121
connect_hw_server
INFO: [Labtools 27-2285] Connecting to hw_server url TCP:localhost:3121
open_hw_target
INFO: [Labtoolstcl 44-466] Opening hw_target localhost:3121/xilinx_tcf/Digilent/210183AA62F2A
set_property PROGRAM.FILE {C:/Users/deshr/OneDrive/Desktop/Mini Project Final/Final/Final.runs/impl_1/Image_Processing_Final.bit} [get_hw_devices xc7a35t_0]
current_hw_device [get_hw_devices xc7a35t_0]
refresh_hw_device -update_hw_probes false [lindex [get_hw_devices xc7a35t_0] 0]
INFO: [Labtools 27-1435] Device xc7a35t (JTAG device index = 0) is not programmed (DONE status = 0).
set_property PROBES.FILE {} [get_hw_devices xc7a35t_0]
set_property FULL_PROBES.FILE {} [get_hw_devices xc7a35t_0]
set_property PROGRAM.FILE {C:/Users/deshr/OneDrive/Desktop/Mini Project Final/Final/Final.runs/impl_1/Image_Processing_Final.bit} [get_hw_devices xc7a35t_0]
program_hw_devices [get_hw_devices xc7a35t_0]
INFO: [Labtools 27-3164] End of startup status: HIGH
refresh_hw_device [lindex [get_hw_devices xc7a35t_0] 0]
INFO: [Labtools 27-1434] Device xc7a35t (JTAG device index = 0) is programmed with a design that has no supported debug core(s) in it.
ERROR: [Labtoolstcl 44-513] HW Target shutdown. Closing target: localhost:3121/xilinx_tcf/Digilent/210183AA62F2A
INFO: [Labtoolstcl 44-466] Opening hw_target localhost:3121/xilinx_tcf/Digilent/210183AA62F2A
INFO: [Labtools 27-1435] Device xc7a35t (JTAG device index = 0) is not programmed (DONE status = 0).
WARNING: [Labtoolstcl 44-129] No matching hw_ila_data was found.
close_hw
open_hw
connect_hw_server
INFO: [Labtools 27-2285] Connecting to hw_server url TCP:localhost:3121
open_hw_target
INFO: [Labtoolstcl 44-466] Opening hw_target localhost:3121/xilinx_tcf/Digilent/210183AA62F2A
set_property PROGRAM.FILE {C:/Users/deshr/OneDrive/Desktop/Mini Project Final/Final/Final.runs/impl_1/Image_Processing_Final.bit} [get_hw_devices xc7a35t_0]
current_hw_device [get_hw_devices xc7a35t_0]
refresh_hw_device -update_hw_probes false [lindex [get_hw_devices xc7a35t_0] 0]
INFO: [Labtools 27-1435] Device xc7a35t (JTAG device index = 0) is not programmed (DONE status = 0).
set_property PROBES.FILE {} [get_hw_devices xc7a35t_0]
set_property FULL_PROBES.FILE {} [get_hw_devices xc7a35t_0]
set_property PROGRAM.FILE {C:/Users/deshr/OneDrive/Desktop/Mini Project Final/Final/Final.runs/impl_1/Image_Processing_Final.bit} [get_hw_devices xc7a35t_0]
program_hw_devices [get_hw_devices xc7a35t_0]
INFO: [Labtools 27-3164] End of startup status: HIGH
refresh_hw_device [lindex [get_hw_devices xc7a35t_0] 0]
INFO: [Labtools 27-1434] Device xc7a35t (JTAG device index = 0) is programmed with a design that has no supported debug core(s) in it.
exit
INFO: [Common 17-206] Exiting Vivado at Mon Oct  4 14:38:55 2021...
